# JRE version: OpenJDK Runtime Environment (17.0.7+7) (build 17.0.7+7-LTS)
# Java VM: OpenJDK 64-Bit Server VM (17.0.7+7-LTS, mixed mode, sharing, tiered, compressed oops, compressed class ptrs, g1 gc, windows-amd64)
GC Precious Log:
 CPUs: 4 total, 4 available
 Memory: 3917M
 Large Page Support: Disabled
 NUMA Support: Disabled
 Compressed Oops: Enabled (32-bit)
 Heap Region Size: 1M
 Heap Min Capacity: 8M
 Heap Initial Capacity: 62M
 Heap Max Capacity: 980M
 Pre-touch: Disabled
 Parallel Workers: 4
 Concurrent Workers: 1
 Concurrent Refinement Workers: 4
 Periodic GC: Disabled
Heap:
 garbage-first heap   total 63488K, used 41012K [0x00000000c2c00000, 0x0000000100000000)
  region size 1024K, 13 young (13312K), 1 survivors (1024K)
 Metaspace       used 15224K, committed 15488K, reserved 1114112K
  class space    used 1614K, committed 1728K, reserved 1048576K
GC Heap History (10 events):
Event: 3.260 GC heap before
{Heap before GC invocations=0 (full 0):
 garbage-first heap   total 63488K, used 17408K [0x00000000c2c00000, 0x0000000100000000)
  region size 1024K, 13 young (13312K), 0 survivors (0K)
 Metaspace       used 9908K, committed 10048K, reserved 1114112K
  class space    used 1187K, committed 1280K, reserved 1048576K
}
Event: 3.270 GC heap after
{Heap after GC invocations=1 (full 0):
 garbage-first heap   total 63488K, used 8444K [0x00000000c2c00000, 0x0000000100000000)
  region size 1024K, 2 young (2048K), 2 survivors (2048K)
 Metaspace       used 9908K, committed 10048K, reserved 1114112K
  class space    used 1187K, committed 1280K, reserved 1048576K
}
Event: 5.410 GC heap before
{Heap before GC invocations=1 (full 0):
 garbage-first heap   total 63488K, used 37116K [0x00000000c2c00000, 0x0000000100000000)
  region size 1024K, 15 young (15360K), 2 survivors (2048K)
 Metaspace       used 11704K, committed 11904K, reserved 1114112K
  class space    used 1358K, committed 1472K, reserved 1048576K
}
Event: 5.416 GC heap after
{Heap after GC invocations=2 (full 0):
 garbage-first heap   total 63488K, used 26802K [0x00000000c2c00000, 0x0000000100000000)
  region size 1024K, 2 young (2048K), 2 survivors (2048K)
 Metaspace       used 11704K, committed 11904K, reserved 1114112K
  class space    used 1358K, committed 1472K, reserved 1048576K
}
Event: 10.559 GC heap before
{Heap before GC invocations=2 (full 0):
 garbage-first heap   total 63488K, used 39090K [0x00000000c2c00000, 0x0000000100000000)
  region size 1024K, 15 young (15360K), 2 survivors (2048K)
 Metaspace       used 13939K, committed 14144K, reserved 1114112K
  class space    used 1508K, committed 1600K, reserved 1048576K
}
Event: 10.564 GC heap after
{Heap after GC invocations=3 (full 0):
 garbage-first heap   total 63488K, used 28932K [0x00000000c2c00000, 0x0000000100000000)
  region size 1024K, 2 young (2048K), 2 survivors (2048K)
 Metaspace       used 13939K, committed 14144K, reserved 1114112K
  class space    used 1508K, committed 1600K, reserved 1048576K
}
Event: 12.099 GC heap before
{Heap before GC invocations=3 (full 0):
 garbage-first heap   total 63488K, used 42244K [0x00000000c2c00000, 0x0000000100000000)
  region size 1024K, 16 young (16384K), 2 survivors (2048K)
 Metaspace       used 15130K, committed 15360K, reserved 1114112K
  class space    used 1614K, committed 1728K, reserved 1048576K
}
Event: 12.103 GC heap after
{Heap after GC invocations=4 (full 0):
 garbage-first heap   total 63488K, used 29581K [0x00000000c2c00000, 0x0000000100000000)
  region size 1024K, 1 young (1024K), 1 survivors (1024K)
 Metaspace       used 15130K, committed 15360K, reserved 1114112K
  class space    used 1614K, committed 1728K, reserved 1048576K
}
Event: 15.206 GC heap before
{Heap before GC invocations=4 (full 0):
 garbage-first heap   total 63488K, used 46989K [0x00000000c2c00000, 0x0000000100000000)
  region size 1024K, 18 young (18432K), 1 survivors (1024K)
 Metaspace       used 15220K, committed 15424K, reserved 1114112K
  class space    used 1614K, committed 1728K, reserved 1048576K
}
Event: 15.209 GC heap after
{Heap after GC invocations=5 (full 0):
 garbage-first heap   total 63488K, used 29748K [0x00000000c2c00000, 0x0000000100000000)
  region size 1024K, 1 young (1024K), 1 survivors (1024K)
 Metaspace       used 15220K, committed 15424K, reserved 1114112K
  class space    used 1614K, committed 1728K, reserved 1048576K
}

